<?xml version="1.0" encoding="UTF-8"?>
<testsuite xmlns:xsi="http://www.w3.org/2001/XMLSchema-instance" xsi:noNamespaceSchemaLocation="https://maven.apache.org/surefire/maven-surefire-plugin/xsd/surefire-test-report-3.0.xsd" version="3.0" name="com.example.BankAccountTest" time="0.116" tests="3" errors="0" skipped="0" failures="0">
  <properties>
[...]
</properties>
  <testcase name="testWithdraw" classname="com.example.BankAccountTest" time="0.017">
    <system-out><![CDATA[Setup complete
Teardown complete
]]></system-out>
  </testcase>
  <testcase name="testDeposit" classname="com.example.BankAccountTest" time="0.002">
    <system-out><![CDATA[Setup complete
Teardown complete
]]></system-out>
  </testcase>
  <testcase name="testOverWithdraw" classname="com.example.BankAccountTest" time="0.002">
    <system-out><![CDATA[Setup complete
Teardown complete
]]></system-out>
  </testcase>
</testsuite>